2013-10-21 16:50:49,925 - Log4JLogChute initialized using file 'velocity.log'
2013-10-21 16:50:49,926 - Starting Apache Velocity v1.5 (compiled: 2007-02-22 08:52:29)
2013-10-21 16:50:49,926 - Default Properties File: org\apache\velocity\runtime\defaults\velocity.properties
2013-10-21 16:50:49,926 - Trying to use logger class org.apache.velocity.runtime.log.AvalonLogChute
2013-10-21 16:50:49,942 - Couldn't find class org.apache.velocity.runtime.log.AvalonLogChute or necessary supporting classes in classpath.
java.lang.NoClassDefFoundError: org/apache/log/format/Formatter
	at java.lang.Class.forName0(Native Method)
	at java.lang.Class.forName(Class.java:247)
	at org.apache.velocity.util.ClassUtils.getClass(ClassUtils.java:63)
	at org.apache.velocity.util.ClassUtils.getNewInstance(ClassUtils.java:95)
	at org.apache.velocity.runtime.log.LogManager.createLogChute(LogManager.java:147)
	at org.apache.velocity.runtime.log.LogManager.updateLog(LogManager.java:208)
	at org.apache.velocity.runtime.RuntimeInstance.initializeLog(RuntimeInstance.java:728)
	at org.apache.velocity.runtime.RuntimeInstance.init(RuntimeInstance.java:240)
	at org.apache.velocity.runtime.RuntimeInstance.init(RuntimeInstance.java:534)
	at org.apache.velocity.runtime.RuntimeSingleton.init(RuntimeSingleton.java:227)
	at org.apache.velocity.app.Velocity.init(Velocity.java:111)
	at com.onewaveinc.mip.web.WebModuleEventListener.generateWebXml(WebModuleEventListener.java:296)
	at com.onewaveinc.mip.web.WebModuleEventListener.resolve(WebModuleEventListener.java:123)
	at sun.reflect.NativeMethodAccessorImpl.invoke0(Native Method)
	at sun.reflect.NativeMethodAccessorImpl.invoke(NativeMethodAccessorImpl.java:39)
	at sun.reflect.DelegatingMethodAccessorImpl.invoke(DelegatingMethodAccessorImpl.java:25)
	at java.lang.reflect.Method.invoke(Method.java:597)
	at com.onewaveinc.mrc.ModuleEventListenerSupport.listen(ModuleEventListenerSupport.java:28)
	at com.onewaveinc.mrc.LazyInitializedModuleEventListener.listen(LazyInitializedModuleEventListener.java:36)
	at com.onewaveinc.mrc.ModuleContext$8.visit(ModuleContext.java:1116)
	at com.onewaveinc.mrc.ModuleContext.visitModules(ModuleContext.java:698)
	at com.onewaveinc.mrc.ModuleContext.visitModules(ModuleContext.java:684)
	at com.onewaveinc.mrc.ModuleContext.resolve(ModuleContext.java:1109)
	at com.onewaveinc.mrc.ModuleContext.run(ModuleContext.java:542)
	at com.onewaveinc.mrc.web.ModuleContextStartupListener.contextInitialized(ModuleContextStartupListener.java:22)
	at org.apache.catalina.core.StandardContext.listenerStart(StandardContext.java:3795)
	at org.apache.catalina.core.StandardContext.start(StandardContext.java:4252)
	at org.apache.catalina.core.ContainerBase.start(ContainerBase.java:1014)
	at org.apache.catalina.core.StandardHost.start(StandardHost.java:736)
	at org.apache.catalina.core.ContainerBase.start(ContainerBase.java:1014)
	at org.apache.catalina.core.StandardEngine.start(StandardEngine.java:443)
	at org.apache.catalina.core.StandardService.start(StandardService.java:448)
	at org.apache.catalina.core.StandardServer.start(StandardServer.java:700)
	at org.apache.catalina.startup.Catalina.start(Catalina.java:552)
	at sun.reflect.NativeMethodAccessorImpl.invoke0(Native Method)
	at sun.reflect.NativeMethodAccessorImpl.invoke(NativeMethodAccessorImpl.java:39)
	at sun.reflect.DelegatingMethodAccessorImpl.invoke(DelegatingMethodAccessorImpl.java:25)
	at java.lang.reflect.Method.invoke(Method.java:597)
	at org.apache.catalina.startup.Bootstrap.start(Bootstrap.java:295)
	at org.apache.catalina.startup.Bootstrap.main(Bootstrap.java:433)
Caused by: java.lang.ClassNotFoundException: org.apache.log.format.Formatter
	at com.onewaveinc.mrc.ModuleContextClassLoader.loadClass(ModuleContextClassLoader.java:172)
	at java.lang.ClassLoader.loadClass(ClassLoader.java:247)
	... 40 more
2013-10-21 16:50:49,945 - Trying to use logger class org.apache.velocity.runtime.log.Log4JLogChute
2013-10-21 16:50:49,945 - Using logger class org.apache.velocity.runtime.log.Log4JLogChute
2013-10-21 16:50:49,952 - Default ResourceManager initializing. (class org.apache.velocity.runtime.resource.ResourceManagerImpl)
2013-10-21 16:50:49,961 - ResourceLoader instantiated: org.apache.velocity.runtime.resource.loader.ClasspathResourceLoader
2013-10-21 16:50:50,024 - ResourceCache: initialized (class org.apache.velocity.runtime.resource.ResourceCacheImpl)
2013-10-21 16:50:50,029 - Loaded System Directive: org.apache.velocity.runtime.directive.Literal
2013-10-21 16:50:50,034 - Loaded System Directive: org.apache.velocity.runtime.directive.Macro
2013-10-21 16:50:50,042 - Loaded System Directive: org.apache.velocity.runtime.directive.Parse
2013-10-21 16:50:50,048 - Loaded System Directive: org.apache.velocity.runtime.directive.Include
2013-10-21 16:50:50,051 - Loaded System Directive: org.apache.velocity.runtime.directive.Foreach
2013-10-21 16:50:50,131 - Created '20' parsers.
2013-10-21 16:50:50,165 - Velocimacro : "velocimacro.library" is not set.  Trying default library: VM_global_library.vm
2013-10-21 16:50:50,168 - Velocimacro : Default library not found.
2013-10-21 16:50:50,168 - Velocimacro : allowInline = true : VMs can be defined inline in templates
2013-10-21 16:50:50,168 - Velocimacro : allowInlineToOverride = false : VMs defined inline may NOT replace previous VM definitions
2013-10-21 16:50:50,168 - Velocimacro : allowInlineLocal = false : VMs defined inline will be global in scope if allowed.
2013-10-21 16:50:50,168 - Velocimacro : autoload off : VM system will not automatically reload global library macros
2013-10-21 16:50:50,265 - ResourceManager : found com/onewaveinc/mip/web/web.vm with loader org.apache.velocity.runtime.resource.loader.ClasspathResourceLoader
